"../../../../../../Users/juuru/Documents/Unreal Projects/Lopputyo/Content/Blueprints/door_open.uasset" 0
"../../../../../../Users/juuru/Documents/Unreal Projects/Lopputyo/Content/FirstPerson/Audio/FirstPersonTemplateWeaponFire02.uasset" 1
"../../../../../../Users/juuru/Documents/Unreal Projects/Lopputyo/Content/FirstPerson/Character/Mesh/SK_Mannequin_Arms_Skeleton.uasset" 2
"../../../../../../Users/juuru/Documents/Unreal Projects/Lopputyo/Content/FirstPerson/Animations/FirstPerson_Idle.uasset" 3
"../../../../../../Users/juuru/Documents/Unreal Projects/Lopputyo/Content/FirstPerson/Animations/FirstPerson_JumpEnd.uasset" 4
"../../../../../../Users/juuru/Documents/Unreal Projects/Lopputyo/Content/FirstPerson/Animations/FirstPerson_JumpLoop.uasset" 5
"../../../../../../Users/juuru/Documents/Unreal Projects/Lopputyo/Content/FirstPerson/Animations/FirstPerson_JumpStart.uasset" 6
"../../../../../../Users/juuru/Documents/Unreal Projects/Lopputyo/Content/FirstPerson/Animations/FirstPerson_Run.uasset" 7
"../../../Engine/Content/EditorBlueprintResources/StandardMacros.uasset" 8
"../../../../../../Users/juuru/Documents/Unreal Projects/Lopputyo/Content/FirstPerson/Animations/FirstPerson_AnimBP.uasset" 9
"../../../../../../Users/juuru/Documents/Unreal Projects/Lopputyo/Content/FirstPerson/Character/Mesh/FirstPersonAnimBlueprint_Copy.uasset" 10
"../../../../../../Users/juuru/Documents/Unreal Projects/Lopputyo/Content/FirstPerson/Character/Textures/UE4_LOGO_CARD.uasset" 11
"../../../../../../Users/juuru/Documents/Unreal Projects/Lopputyo/Content/FirstPerson/FPWeapon/Materials/MaterialLayers/ML_Plastic_Shiny_Beige_LOGO.uasset" 12
"../../../../../../Users/juuru/Documents/Unreal Projects/Lopputyo/Content/FirstPerson/FPWeapon/Materials/MaterialLayers/T_ML_FineRubber.uasset" 13
"../../../../../../Users/juuru/Documents/Unreal Projects/Lopputyo/Content/FirstPerson/FPWeapon/Mesh/SK_FPGun_PhysicsAsset.uasset" 14
"../../../../../../Users/juuru/Documents/Unreal Projects/Lopputyo/Content/FirstPerson/Meshes/BaseMaterial.uasset" 15
"../../../../../../Users/juuru/Documents/Unreal Projects/Lopputyo/Content/FirstPerson/Meshes/CubeMaterialOverride.uasset" 16
"../../../../../../Users/juuru/Documents/Unreal Projects/Lopputyo/Content/FirstPerson/Meshes/FirstPersonProjectileMaterial.uasset" 17
"../../../../../../Users/juuru/Documents/Unreal Projects/Lopputyo/Content/FirstPerson/Meshes/FirstPersonProjectileMesh.uasset" 18
"../../../../../../Users/juuru/Documents/Unreal Projects/Lopputyo/Content/Geometry/Meshes/CubeMaterial.uasset" 19
"../../../../../../Users/juuru/Documents/Unreal Projects/Lopputyo/Content/Geometry/Meshes/1M_Cube.uasset" 20
"../../../../../../Users/juuru/Documents/Unreal Projects/Lopputyo/Content/Geometry/Meshes/1M_Cube_Chamfer.uasset" 21
"../../../../../../Users/juuru/Documents/Unreal Projects/Lopputyo/Content/Geometry/Meshes/TemplateFloor.uasset" 22
"../../../../../../Users/juuru/Documents/Unreal Projects/Lopputyo/Content/Materials/E_BombRadius.uasset" 23
"../../../../../../Users/juuru/Documents/Unreal Projects/Lopputyo/Content/Materials/M_CannonMaterial.uasset" 24
"../../../../../../Users/juuru/Documents/Unreal Projects/Lopputyo/Content/Sounds/Impact-Drum_Dramatic-Drum-Like-Impact_SDT3-0602.uasset" 25
"../../../../../../Users/juuru/Documents/Unreal Projects/Lopputyo/Content/StarterContent/Audio/Collapse01.uasset" 26
"../../../../../../Users/juuru/Documents/Unreal Projects/Lopputyo/Content/StarterContent/Audio/Collapse02.uasset" 27
"../../../../../../Users/juuru/Documents/Unreal Projects/Lopputyo/Content/StarterContent/Audio/Collapse_Cue.uasset" 28
"../../../../../../Users/juuru/Documents/Unreal Projects/Lopputyo/Content/StarterContent/Audio/Fire01.uasset" 29
"../../../../../../Users/juuru/Documents/Unreal Projects/Lopputyo/Content/StarterContent/Audio/Fire_Sparks01.uasset" 30
"../../../../../../Users/juuru/Documents/Unreal Projects/Lopputyo/Content/StarterContent/Audio/Light01.uasset" 31
"../../../../../../Users/juuru/Documents/Unreal Projects/Lopputyo/Content/StarterContent/Audio/Light01_Cue.uasset" 32
"../../../../../../Users/juuru/Documents/Unreal Projects/Lopputyo/Content/StarterContent/Audio/Light02.uasset" 33
"../../../../../../Users/juuru/Documents/Unreal Projects/Lopputyo/Content/StarterContent/Audio/Light02_Cue.uasset" 34
"../../../../../../Users/juuru/Documents/Unreal Projects/Lopputyo/Content/StarterContent/Audio/Smoke01.uasset" 35
"../../../../../../Users/juuru/Documents/Unreal Projects/Lopputyo/Content/StarterContent/Audio/Starter_Birds01.uasset" 36
"../../../../../../Users/juuru/Documents/Unreal Projects/Lopputyo/Content/StarterContent/Audio/Starter_Music01.uasset" 37
"../../../../../../Users/juuru/Documents/Unreal Projects/Lopputyo/Content/StarterContent/Audio/Starter_Music_Cue.uasset" 38
"../../../../../../Users/juuru/Documents/Unreal Projects/Lopputyo/Content/StarterContent/Audio/Starter_Wind05.uasset" 39
"../../../../../../Users/juuru/Documents/Unreal Projects/Lopputyo/Content/StarterContent/Audio/Starter_Wind06.uasset" 40
"../../../../../../Users/juuru/Documents/Unreal Projects/Lopputyo/Content/StarterContent/Audio/Steam01.uasset" 41
"../../../../../../Users/juuru/Documents/Unreal Projects/Lopputyo/Content/StarterContent/Textures/T_Lamp_M.uasset" 42
"../../../../../../Users/juuru/Documents/Unreal Projects/Lopputyo/Content/StarterContent/Textures/T_Lamp_N.uasset" 43
"../../../../../../Users/juuru/Documents/Unreal Projects/Lopputyo/Content/StarterContent/Props/Materials/M_Lamp.uasset" 44
"../../../../../../Users/juuru/Documents/Unreal Projects/Lopputyo/Content/StarterContent/Props/SM_Lamp_Ceiling.uasset" 45
"../../../../../../Users/juuru/Documents/Unreal Projects/Lopputyo/Content/StarterContent/Blueprints/Blueprint_CeilingLight.uasset" 46
"../../../../../../Users/juuru/Documents/Unreal Projects/Lopputyo/Content/StarterContent/Audio/Explosion_Cue.uasset" 47
"../../../../../../Users/juuru/Documents/Unreal Projects/Lopputyo/Content/StarterContent/Textures/T_Burst_M.uasset" 48
"../../../../../../Users/juuru/Documents/Unreal Projects/Lopputyo/Content/StarterContent/Particles/Materials/M_Burst.uasset" 49
"../../../../../../Users/juuru/Documents/Unreal Projects/Lopputyo/Content/StarterContent/Textures/T_Explosion_SubUV.uasset" 50
"../../../../../../Users/juuru/Documents/Unreal Projects/Lopputyo/Content/StarterContent/Particles/Materials/M_explosion_subUV.uasset" 51
"../../../../../../Users/juuru/Documents/Unreal Projects/Lopputyo/Content/StarterContent/Particles/Materials/m_flare_01.uasset" 52
"../../../Engine/Content/Functions/Engine_MaterialFunctions01/Gradient/RadialGradient.uasset" 53
"../../../../../../Users/juuru/Documents/Unreal Projects/Lopputyo/Content/StarterContent/Particles/Materials/M_radial_ramp.uasset" 54
"../../../../../../Users/juuru/Documents/Unreal Projects/Lopputyo/Content/StarterContent/Textures/T_Smoke_SubUV.uasset" 55
"../../../../../../Users/juuru/Documents/Unreal Projects/Lopputyo/Content/StarterContent/Textures/T_Smoke_Tiled_D.uasset" 56
"../../../../../../Users/juuru/Documents/Unreal Projects/Lopputyo/Content/StarterContent/Particles/Materials/M_smoke_subUV.uasset" 57
"../../../../../../Users/juuru/Documents/Unreal Projects/Lopputyo/Content/StarterContent/Particles/P_Explosion.uasset" 58
"../../../../../../Users/juuru/Documents/Unreal Projects/Lopputyo/Content/StarterContent/Blueprints/Blueprint_Effect_Explosion.uasset" 59
"../../../../../../Users/juuru/Documents/Unreal Projects/Lopputyo/Content/StarterContent/Audio/Fire01_Cue.uasset" 60
"../../../../../../Users/juuru/Documents/Unreal Projects/Lopputyo/Content/StarterContent/Textures/T_Fire_SubUV.uasset" 61
"../../../../../../Users/juuru/Documents/Unreal Projects/Lopputyo/Content/StarterContent/Textures/T_Fire_Tiled_D.uasset" 62
"../../../../../../Users/juuru/Documents/Unreal Projects/Lopputyo/Content/StarterContent/Particles/Materials/M_Fire_SubUV.uasset" 63
"../../../../../../Users/juuru/Documents/Unreal Projects/Lopputyo/Content/StarterContent/Textures/T_Water_N.uasset" 64
"../../../../../../Users/juuru/Documents/Unreal Projects/Lopputyo/Content/StarterContent/Particles/Materials/M_Heat_Distortion.uasset" 65
"../../../../../../Users/juuru/Documents/Unreal Projects/Lopputyo/Content/StarterContent/Particles/Materials/M_Radial_Gradient.uasset" 66
"../../../../../../Users/juuru/Documents/Unreal Projects/Lopputyo/Content/StarterContent/Particles/P_Fire.uasset" 67
"../../../../../../Users/juuru/Documents/Unreal Projects/Lopputyo/Content/StarterContent/Blueprints/Blueprint_Effect_Fire.uasset" 68
"../../../../../../Users/juuru/Documents/Unreal Projects/Lopputyo/Content/StarterContent/Audio/Smoke01_Cue.uasset" 69
"../../../../../../Users/juuru/Documents/Unreal Projects/Lopputyo/Content/StarterContent/Particles/P_Smoke.uasset" 70
"../../../../../../Users/juuru/Documents/Unreal Projects/Lopputyo/Content/StarterContent/Blueprints/Blueprint_Effect_Smoke.uasset" 71
"../../../../../../Users/juuru/Documents/Unreal Projects/Lopputyo/Content/StarterContent/Audio/Fire_Sparks01_Cue.uasset" 72
"../../../../../../Users/juuru/Documents/Unreal Projects/Lopputyo/Content/StarterContent/Textures/T_Spark_Core.uasset" 73
"../../../../../../Users/juuru/Documents/Unreal Projects/Lopputyo/Content/StarterContent/Particles/Materials/M_Spark.uasset" 74
"../../../../../../Users/juuru/Documents/Unreal Projects/Lopputyo/Content/StarterContent/Particles/P_Sparks.uasset" 75
"../../../../../../Users/juuru/Documents/Unreal Projects/Lopputyo/Content/StarterContent/Blueprints/Blueprint_Effect_Sparks.uasset" 76
"../../../../../../Users/juuru/Documents/Unreal Projects/Lopputyo/Content/StarterContent/Audio/Steam01_Cue.uasset" 77
"../../../../../../Users/juuru/Documents/Unreal Projects/Lopputyo/Content/StarterContent/Particles/P_Steam_Lit.uasset" 78
"../../../../../../Users/juuru/Documents/Unreal Projects/Lopputyo/Content/StarterContent/Blueprints/Blueprint_Effect_Steam.uasset" 79
"../../../../../../Users/juuru/Documents/Unreal Projects/Lopputyo/Content/StarterContent/Blueprints/Blueprint_WallSconce.uasset" 80
"../../../../../../Users/juuru/Documents/Unreal Projects/Lopputyo/Content/StarterContent/Blueprints/Assets/FogBrightnessLUT.uasset" 81
"../../../../../../Users/juuru/Documents/Unreal Projects/Lopputyo/Content/StarterContent/Blueprints/Assets/SunlightColorLUT.uasset" 82
"../../../../../../Users/juuru/Documents/Unreal Projects/Lopputyo/Content/StarterContent/Blueprints/Assets/M_LightStage_Arrows.uasset" 83
"../../../Engine/Content/MapTemplates/Sky/DaylightAmbientCubemap.uasset" 84
"../../../../../../Users/juuru/Documents/Unreal Projects/Lopputyo/Content/StarterContent/Blueprints/Assets/M_LightStage_Skybox_Master.uasset" 85
"../../../../../../Users/juuru/Documents/Unreal Projects/Lopputyo/Content/StarterContent/Blueprints/Assets/M_LightStage_Skybox_Black.uasset" 86
"../../../../../../Users/juuru/Documents/Unreal Projects/Lopputyo/Content/StarterContent/Blueprints/Assets/M_LightStage_Skybox_HDRI.uasset" 87
"../../../Engine/Content/EditorMaterials/Thumbnails/SkySphereMaterial.uasset" 88
"../../../../../../Users/juuru/Documents/Unreal Projects/Lopputyo/Content/StarterContent/Blueprints/Assets/Skybox.uasset" 89
"../../../Engine/Content/Functions/Engine_MaterialFunctions01/Opacity/CameraDepthFade.uasset" 90
"../../../Engine/Content/EngineMaterials/T_Default_Material_Grid_M.uasset" 91
"../../../Engine/Content/EngineMaterials/T_Default_Material_Grid_N.uasset" 92
"../../../Engine/Content/EngineMaterials/WorldGridMaterial.uasset" 93
"../../../../../../Users/juuru/Documents/Unreal Projects/Lopputyo/Content/StarterContent/Blueprints/Assets/SM_Arrows.uasset" 94
"../../../../../../Users/juuru/Documents/Unreal Projects/Lopputyo/Content/StarterContent/Blueprints/BP_LightStudio.uasset" 95
"../../../../../../Users/juuru/Documents/Unreal Projects/Lopputyo/Content/StarterContent/Materials/M_AssetPlatform.uasset" 96
"../../../../../../Users/juuru/Documents/Unreal Projects/Lopputyo/Content/StarterContent/Textures/T_Brick_Clay_Beveled_D.uasset" 97
"../../../../../../Users/juuru/Documents/Unreal Projects/Lopputyo/Content/StarterContent/Textures/T_Brick_Clay_Beveled_M.uasset" 98
"../../../../../../Users/juuru/Documents/Unreal Projects/Lopputyo/Content/StarterContent/Textures/T_Brick_Clay_Beveled_N.uasset" 99
"../../../../../../Users/juuru/Documents/Unreal Projects/Lopputyo/Content/StarterContent/Textures/T_MacroVariation.uasset" 100
"../../../../../../Users/juuru/Documents/Unreal Projects/Lopputyo/Content/StarterContent/Materials/M_Brick_Clay_Beveled.uasset" 101
"../../../../../../Users/juuru/Documents/Unreal Projects/Lopputyo/Content/StarterContent/Textures/T_Brick_Clay_New_D.uasset" 102
"../../../../../../Users/juuru/Documents/Unreal Projects/Lopputyo/Content/StarterContent/Textures/T_Brick_Clay_New_M.uasset" 103
"../../../../../../Users/juuru/Documents/Unreal Projects/Lopputyo/Content/StarterContent/Textures/T_Brick_Clay_New_N.uasset" 104
"../../../../../../Users/juuru/Documents/Unreal Projects/Lopputyo/Content/StarterContent/Textures/T_Detail_Rocky_N.uasset" 105
"../../../../../../Users/juuru/Documents/Unreal Projects/Lopputyo/Content/StarterContent/Materials/M_Brick_Clay_New.uasset" 106
"../../../../../../Users/juuru/Documents/Unreal Projects/Lopputyo/Content/StarterContent/Textures/T_Brick_Clay_Old_D.uasset" 107
"../../../../../../Users/juuru/Documents/Unreal Projects/Lopputyo/Content/StarterContent/Textures/T_Brick_Clay_Old_N.uasset" 108
"../../../../../../Users/juuru/Documents/Unreal Projects/Lopputyo/Content/StarterContent/Textures/T_Perlin_Noise_M.uasset" 109
"../../../../../../Users/juuru/Documents/Unreal Projects/Lopputyo/Content/StarterContent/Materials/M_Brick_Clay_Old.uasset" 110
"../../../../../../Users/juuru/Documents/Unreal Projects/Lopputyo/Content/StarterContent/Textures/T_Brick_Cut_Stone_D.uasset" 111
"../../../../../../Users/juuru/Documents/Unreal Projects/Lopputyo/Content/StarterContent/Textures/T_Brick_Cut_Stone_N.uasset" 112
"../../../../../../Users/juuru/Documents/Unreal Projects/Lopputyo/Content/StarterContent/Materials/M_Brick_Cut_Stone.uasset" 113
"../../../../../../Users/juuru/Documents/Unreal Projects/Lopputyo/Content/StarterContent/Textures/T_Brick_Hewn_Stone_D.uasset" 114
"../../../../../../Users/juuru/Documents/Unreal Projects/Lopputyo/Content/StarterContent/Textures/T_Brick_Hewn_Stone_M.uasset" 115
"../../../../../../Users/juuru/Documents/Unreal Projects/Lopputyo/Content/StarterContent/Textures/T_Brick_Hewn_Stone_N.uasset" 116
"../../../../../../Users/juuru/Documents/Unreal Projects/Lopputyo/Content/StarterContent/Materials/M_Brick_Hewn_Stone.uasset" 117
"../../../../../../Users/juuru/Documents/Unreal Projects/Lopputyo/Content/StarterContent/Textures/T_Ceramic_Tile_M.uasset" 118
"../../../../../../Users/juuru/Documents/Unreal Projects/Lopputyo/Content/StarterContent/Textures/T_Ceramic_Tile_N.uasset" 119
"../../../../../../Users/juuru/Documents/Unreal Projects/Lopputyo/Content/StarterContent/Textures/T_Rock_Marble_Polished_D.uasset" 120
"../../../../../../Users/juuru/Documents/Unreal Projects/Lopputyo/Content/StarterContent/Materials/M_Ceramic_Tile_Checker.uasset" 121
"../../../../../../Users/juuru/Documents/Unreal Projects/Lopputyo/Content/StarterContent/Textures/T_CobbleStone_Pebble_D.uasset" 122
"../../../../../../Users/juuru/Documents/Unreal Projects/Lopputyo/Content/StarterContent/Textures/T_CobbleStone_Pebble_M.uasset" 123
"../../../../../../Users/juuru/Documents/Unreal Projects/Lopputyo/Content/StarterContent/Textures/T_CobbleStone_Pebble_N.uasset" 124
"../../../../../../Users/juuru/Documents/Unreal Projects/Lopputyo/Content/Materials/M_CobbleStone_Pebble.uasset" 125
"../../../../../../Users/juuru/Documents/Unreal Projects/Lopputyo/Content/StarterContent/Materials/M_CobbleStone_Pebble.uasset" 126
"../../../../../../Users/juuru/Documents/Unreal Projects/Lopputyo/Content/StarterContent/Textures/T_CobbleStone_Rough_D.uasset" 127
"../../../../../../Users/juuru/Documents/Unreal Projects/Lopputyo/Content/StarterContent/Textures/T_CobbleStone_Rough_N.uasset" 128
"../../../../../../Users/juuru/Documents/Unreal Projects/Lopputyo/Content/StarterContent/Textures/T_Gradinet_01.uasset" 129
"../../../../../../Users/juuru/Documents/Unreal Projects/Lopputyo/Content/StarterContent/Textures/T_Rock_Smooth_Granite_D.uasset" 130
"../../../../../../Users/juuru/Documents/Unreal Projects/Lopputyo/Content/StarterContent/Materials/M_CobbleStone_Rough.uasset" 131
"../../../../../../Users/juuru/Documents/Unreal Projects/Lopputyo/Content/StarterContent/Textures/T_CobbleStone_Smooth_D.uasset" 132
"../../../../../../Users/juuru/Documents/Unreal Projects/Lopputyo/Content/StarterContent/Textures/T_CobbleStone_Smooth_M.uasset" 133
"../../../../../../Users/juuru/Documents/Unreal Projects/Lopputyo/Content/StarterContent/Textures/T_CobbleStone_Smooth_N.uasset" 134
"../../../../../../Users/juuru/Documents/Unreal Projects/Lopputyo/Content/StarterContent/Materials/M_CobbleStone_Smooth.uasset" 135
"../../../Engine/Content/EditorMeshes/ColorCalibrator/T_ColorGrid.uasset" 136
"../../../../../../Users/juuru/Documents/Unreal Projects/Lopputyo/Content/StarterContent/Materials/M_ColorGrid_LowSpec.uasset" 137
"../../../../../../Users/juuru/Documents/Unreal Projects/Lopputyo/Content/StarterContent/Textures/T_Concrete_Panels_D.uasset" 138
"../../../../../../Users/juuru/Documents/Unreal Projects/Lopputyo/Content/StarterContent/Textures/T_Concrete_Panels_N.uasset" 139
"../../../../../../Users/juuru/Documents/Unreal Projects/Lopputyo/Content/StarterContent/Materials/M_Concrete_Panels.uasset" 140
"../../../../../../Users/juuru/Documents/Unreal Projects/Lopputyo/Content/StarterContent/Textures/T_Concrete_Poured_D.uasset" 141
"../../../../../../Users/juuru/Documents/Unreal Projects/Lopputyo/Content/StarterContent/Textures/T_Concrete_Poured_N.uasset" 142
"../../../../../../Users/juuru/Documents/Unreal Projects/Lopputyo/Content/StarterContent/Materials/M_Concrete_Poured.uasset" 143
"../../../../../../Users/juuru/Documents/Unreal Projects/Lopputyo/Content/StarterContent/Textures/T_Concrete_Tiles_D.uasset" 144
"../../../../../../Users/juuru/Documents/Unreal Projects/Lopputyo/Content/StarterContent/Textures/T_Concrete_Tiles_M.uasset" 145
"../../../../../../Users/juuru/Documents/Unreal Projects/Lopputyo/Content/StarterContent/Textures/T_Concrete_Tiles_N.uasset" 146
"../../../../../../Users/juuru/Documents/Unreal Projects/Lopputyo/Content/StarterContent/Textures/T_Concrete_Tiles_Variation_M.uasset" 147
"../../../../../../Users/juuru/Documents/Unreal Projects/Lopputyo/Content/Materials/M_Concrete_Tiles.uasset" 148
"../../../../../../Users/juuru/Documents/Unreal Projects/Lopputyo/Content/StarterContent/Materials/M_Concrete_Tiles.uasset" 149
"../../../../../../Users/juuru/Documents/Unreal Projects/Lopputyo/Content/StarterContent/Textures/T_Ground_Grass_D.uasset" 150
"../../../../../../Users/juuru/Documents/Unreal Projects/Lopputyo/Content/StarterContent/Textures/T_Ground_Grass_N.uasset" 151
"../../../../../../Users/juuru/Documents/Unreal Projects/Lopputyo/Content/StarterContent/Materials/M_Ground_Grass.uasset" 152
"../../../../../../Users/juuru/Documents/Unreal Projects/Lopputyo/Content/StarterContent/Textures/T_Ground_Gravel_D.uasset" 153
"../../../../../../Users/juuru/Documents/Unreal Projects/Lopputyo/Content/StarterContent/Textures/T_Ground_Gravel_N.uasset" 154
"../../../../../../Users/juuru/Documents/Unreal Projects/Lopputyo/Content/StarterContent/Materials/M_Ground_Gravel.uasset" 155
"../../../../../../Users/juuru/Documents/Unreal Projects/Lopputyo/Content/StarterContent/Textures/T_ground_Moss_D.uasset" 156
"../../../../../../Users/juuru/Documents/Unreal Projects/Lopputyo/Content/StarterContent/Textures/T_Ground_Moss_N.uasset" 157
"../../../../../../Users/juuru/Documents/Unreal Projects/Lopputyo/Content/StarterContent/Materials/M_Ground_Moss.uasset" 158
"../../../../../../Users/juuru/Documents/Unreal Projects/Lopputyo/Content/StarterContent/Materials/M_Metal_Chrome.uasset" 159
"../../../../../../Users/juuru/Documents/Unreal Projects/Lopputyo/Content/StarterContent/Textures/T_Metal_Gold_D.uasset" 160
"../../../../../../Users/juuru/Documents/Unreal Projects/Lopputyo/Content/StarterContent/Textures/T_Metal_Gold_N.uasset" 161
"../../../../../../Users/juuru/Documents/Unreal Projects/Lopputyo/Content/StarterContent/Materials/M_Metal_Gold.uasset" 162
"../../../Engine/Content/Functions/Engine_MaterialFunctions02/Utility/BlendAngleCorrectedNormals.uasset" 163
"../../../../../../Users/juuru/Documents/Unreal Projects/Lopputyo/Content/StarterContent/Textures/T_Metal_Rust_D.uasset" 164
"../../../../../../Users/juuru/Documents/Unreal Projects/Lopputyo/Content/StarterContent/Textures/T_Metal_Rust_N.uasset" 165
"../../../../../../Users/juuru/Documents/Unreal Projects/Lopputyo/Content/StarterContent/Materials/M_Metal_Rust.uasset" 166
"../../../../../../Users/juuru/Documents/Unreal Projects/Lopputyo/Content/StarterContent/Textures/T_Metal_Steel_D.uasset" 167
"../../../../../../Users/juuru/Documents/Unreal Projects/Lopputyo/Content/StarterContent/Textures/T_Metal_Steel_N.uasset" 168
"../../../../../../Users/juuru/Documents/Unreal Projects/Lopputyo/Content/StarterContent/Materials/M_Metal_Steel.uasset" 169
"../../../../../../Users/juuru/Documents/Unreal Projects/Lopputyo/Content/StarterContent/Textures/T_Rock_Basalt_D.uasset" 170
"../../../../../../Users/juuru/Documents/Unreal Projects/Lopputyo/Content/StarterContent/Textures/T_Rock_Basalt_N.uasset" 171
"../../../../../../Users/juuru/Documents/Unreal Projects/Lopputyo/Content/StarterContent/Materials/M_Rock_Basalt.uasset" 172
"../../../../../../Users/juuru/Documents/Unreal Projects/Lopputyo/Content/StarterContent/Materials/M_Rock_Marble_Polished.uasset" 173
"../../../../../../Users/juuru/Documents/Unreal Projects/Lopputyo/Content/StarterContent/Textures/T_Rock_Sandstone_D.uasset" 174
"../../../../../../Users/juuru/Documents/Unreal Projects/Lopputyo/Content/StarterContent/Textures/T_Rock_Sandstone_N.uasset" 175
"../../../../../../Users/juuru/Documents/Unreal Projects/Lopputyo/Content/StarterContent/Materials/M_Rock_Sandstone.uasset" 176
"../../../../../../Users/juuru/Documents/Unreal Projects/Lopputyo/Content/StarterContent/Textures/T_Rock_Slate_D.uasset" 177
"../../../../../../Users/juuru/Documents/Unreal Projects/Lopputyo/Content/StarterContent/Textures/T_Rock_Slate_N.uasset" 178
"../../../../../../Users/juuru/Documents/Unreal Projects/Lopputyo/Content/StarterContent/Materials/M_Rock_Slate.uasset" 179
"../../../../../../Users/juuru/Documents/Unreal Projects/Lopputyo/Content/StarterContent/Textures/T_Checker_Noise_M.uasset" 180
"../../../../../../Users/juuru/Documents/Unreal Projects/Lopputyo/Content/StarterContent/Textures/T_Single_Tile_N.uasset" 181
"../../../../../../Users/juuru/Documents/Unreal Projects/Lopputyo/Content/StarterContent/Textures/T_Tech_Dot_M.uasset" 182
"../../../../../../Users/juuru/Documents/Unreal Projects/Lopputyo/Content/StarterContent/Textures/T_Tech_Dot_N.uasset" 183
"../../../../../../Users/juuru/Documents/Unreal Projects/Lopputyo/Content/StarterContent/Materials/M_Tech_Checker_Dot.uasset" 184
"../../../../../../Users/juuru/Documents/Unreal Projects/Lopputyo/Content/StarterContent/Textures/T_Tech_Hex_Tile_M.uasset" 185
"../../../../../../Users/juuru/Documents/Unreal Projects/Lopputyo/Content/StarterContent/Textures/T_Tech_Hex_Tile_N.uasset" 186
"../../../../../../Users/juuru/Documents/Unreal Projects/Lopputyo/Content/Materials/M_Tech_Hex_Tile.uasset" 187
"../../../../../../Users/juuru/Documents/Unreal Projects/Lopputyo/Content/StarterContent/Materials/M_Tech_Hex_Tile.uasset" 188
"../../../../../../Users/juuru/Documents/Unreal Projects/Lopputyo/Content/StarterContent/Textures/T_Tech_Panel_M.uasset" 189
"../../../../../../Users/juuru/Documents/Unreal Projects/Lopputyo/Content/StarterContent/Textures/T_Tech_Panel_N.uasset" 190
"../../../../../../Users/juuru/Documents/Unreal Projects/Lopputyo/Content/StarterContent/Materials/M_Tech_Panel.uasset" 191
"../../../../../../Users/juuru/Documents/Unreal Projects/Lopputyo/Content/StarterContent/Materials/M_Water_Lake.uasset" 192
"../../../../../../Users/juuru/Documents/Unreal Projects/Lopputyo/Content/StarterContent/Textures/T_Water_M.uasset" 193
"../../../../../../Users/juuru/Documents/Unreal Projects/Lopputyo/Content/Materials/M_Water_Ocean.uasset" 194
"../../../../../../Users/juuru/Documents/Unreal Projects/Lopputyo/Content/StarterContent/Materials/M_Water_Ocean.uasset" 195
"../../../../../../Users/juuru/Documents/Unreal Projects/Lopputyo/Content/StarterContent/Textures/T_Wood_Floor_Walnut_D.uasset" 196
"../../../../../../Users/juuru/Documents/Unreal Projects/Lopputyo/Content/StarterContent/Textures/T_Wood_Floor_Walnut_M.uasset" 197
"../../../../../../Users/juuru/Documents/Unreal Projects/Lopputyo/Content/StarterContent/Textures/T_Wood_Floor_Walnut_N.uasset" 198
"../../../../../../Users/juuru/Documents/Unreal Projects/Lopputyo/Content/StarterContent/Materials/M_Wood_Floor_Walnut_Polished.uasset" 199
"../../../Engine/Content/Functions/Engine_MaterialFunctions01/Opacity/AlphaOffset.uasset" 200
"../../../../../../Users/juuru/Documents/Unreal Projects/Lopputyo/Content/StarterContent/Materials/M_Wood_Floor_Walnut_Worn.uasset" 201
"../../../../../../Users/juuru/Documents/Unreal Projects/Lopputyo/Content/StarterContent/Textures/T_Wood_Oak_D.uasset" 202
"../../../../../../Users/juuru/Documents/Unreal Projects/Lopputyo/Content/StarterContent/Textures/T_Wood_Oak_N.uasset" 203
"../../../../../../Users/juuru/Documents/Unreal Projects/Lopputyo/Content/StarterContent/Materials/M_Wood_Oak.uasset" 204
"../../../../../../Users/juuru/Documents/Unreal Projects/Lopputyo/Content/StarterContent/Textures/T_Wood_Pine_D.uasset" 205
"../../../../../../Users/juuru/Documents/Unreal Projects/Lopputyo/Content/StarterContent/Textures/T_Wood_Pine_N.uasset" 206
"../../../../../../Users/juuru/Documents/Unreal Projects/Lopputyo/Content/StarterContent/Materials/M_Wood_Pine.uasset" 207
"../../../../../../Users/juuru/Documents/Unreal Projects/Lopputyo/Content/StarterContent/Textures/T_Wood_Walnut_D.uasset" 208
"../../../../../../Users/juuru/Documents/Unreal Projects/Lopputyo/Content/StarterContent/Textures/T_Wood_Walnut_N.uasset" 209
"../../../../../../Users/juuru/Documents/Unreal Projects/Lopputyo/Content/StarterContent/Materials/M_Wood_Walnut.uasset" 210
"../../../../../../Users/juuru/Documents/Unreal Projects/Lopputyo/Content/StarterContent/Textures/T_Dust_Particle_D.uasset" 211
"../../../../../../Users/juuru/Documents/Unreal Projects/Lopputyo/Content/StarterContent/Particles/Materials/M_Dust_Particle.uasset" 212
"../../../../../../Users/juuru/Documents/Unreal Projects/Lopputyo/Content/StarterContent/Particles/P_Ambient_Dust.uasset" 213
"../../../../../../Users/juuru/Documents/Unreal Projects/Lopputyo/Content/StarterContent/Props/MaterialSphere.uasset" 214
"../../../../../../Users/juuru/Documents/Unreal Projects/Lopputyo/Content/StarterContent/Textures/T_Bush_D.uasset" 215
"../../../../../../Users/juuru/Documents/Unreal Projects/Lopputyo/Content/StarterContent/Textures/T_Bush_N.uasset" 216
"../../../../../../Users/juuru/Documents/Unreal Projects/Lopputyo/Content/StarterContent/Props/Materials/M_Bush.uasset" 217
"../../../../../../Users/juuru/Documents/Unreal Projects/Lopputyo/Content/StarterContent/Props/SM_Bush.uasset" 218
"../../../../../../Users/juuru/Documents/Unreal Projects/Lopputyo/Content/StarterContent/Textures/T_Frame_M.uasset" 219
"../../../../../../Users/juuru/Documents/Unreal Projects/Lopputyo/Content/StarterContent/Textures/T_Frame_N.uasset" 220
"../../../../../../Users/juuru/Documents/Unreal Projects/Lopputyo/Content/StarterContent/Props/Materials/M_Frame.uasset" 221
"../../../../../../Users/juuru/Documents/Unreal Projects/Lopputyo/Content/StarterContent/Props/SM_CornerFrame.uasset" 222
"../../../../../../Users/juuru/Documents/Unreal Projects/Lopputyo/Content/StarterContent/Textures/T_Chair_M.uasset" 223
"../../../../../../Users/juuru/Documents/Unreal Projects/Lopputyo/Content/StarterContent/Textures/T_Chair_N.uasset" 224
"../../../../../../Users/juuru/Documents/Unreal Projects/Lopputyo/Content/StarterContent/Props/Materials/M_Chair.uasset" 225
"../../../../../../Users/juuru/Documents/Unreal Projects/Lopputyo/Content/StarterContent/Props/SM_Couch.uasset" 226
"../../../../../../Users/juuru/Documents/Unreal Projects/Lopputyo/Content/StarterContent/Materials/M_Glass.uasset" 227
"../../../../../../Users/juuru/Documents/Unreal Projects/Lopputyo/Content/StarterContent/Textures/T_Door_M.uasset" 228
"../../../../../../Users/juuru/Documents/Unreal Projects/Lopputyo/Content/StarterContent/Textures/T_Door_N.uasset" 229
"../../../../../../Users/juuru/Documents/Unreal Projects/Lopputyo/Content/StarterContent/Props/Materials/M_Door.uasset" 230
"../../../../../../Users/juuru/Documents/Unreal Projects/Lopputyo/Content/StarterContent/Props/SM_Door.uasset" 231
"../../../../../../Users/juuru/Documents/Unreal Projects/Lopputyo/Content/StarterContent/Props/SM_DoorFrame.uasset" 232
"../../../../../../Users/juuru/Documents/Unreal Projects/Lopputyo/Content/StarterContent/Props/Materials/M_MaterialSphere.uasset" 233
"../../../../../../Users/juuru/Documents/Unreal Projects/Lopputyo/Content/StarterContent/Props/Materials/M_MaterialSphere_Plain.uasset" 234
"../../../../../../Users/juuru/Documents/Unreal Projects/Lopputyo/Content/StarterContent/Textures/T_RockMesh_M.uasset" 235
"../../../../../../Users/juuru/Documents/Unreal Projects/Lopputyo/Content/StarterContent/Textures/T_RockMesh_N.uasset" 236
"../../../../../../Users/juuru/Documents/Unreal Projects/Lopputyo/Content/StarterContent/Props/Materials/M_Rock.uasset" 237
"../../../../../../Users/juuru/Documents/Unreal Projects/Lopputyo/Content/StarterContent/Textures/T_Shelf_M.uasset" 238
"../../../../../../Users/juuru/Documents/Unreal Projects/Lopputyo/Content/StarterContent/Textures/T_Shelf_N.uasset" 239
"../../../../../../Users/juuru/Documents/Unreal Projects/Lopputyo/Content/StarterContent/Props/Materials/M_Shelf.uasset" 240
"../../../../../../Users/juuru/Documents/Unreal Projects/Lopputyo/Content/StarterContent/Materials/M_Basic_Wall.uasset" 241
"../../../../../../Users/juuru/Documents/Unreal Projects/Lopputyo/Content/StarterContent/Shapes/Shape_Cone.uasset" 242
"../../../../../../Users/juuru/Documents/Unreal Projects/Lopputyo/Content/StarterContent/Shapes/Shape_Cube.uasset" 243
"../../../../../../Users/juuru/Documents/Unreal Projects/Lopputyo/Content/StarterContent/Shapes/Shape_Cylinder.uasset" 244
"../../../../../../Users/juuru/Documents/Unreal Projects/Lopputyo/Content/StarterContent/Shapes/Shape_NarrowCapsule.uasset" 245
"../../../../../../Users/juuru/Documents/Unreal Projects/Lopputyo/Content/StarterContent/Shapes/Shape_Pipe.uasset" 246
"../../../../../../Users/juuru/Documents/Unreal Projects/Lopputyo/Content/StarterContent/Shapes/Shape_Pipe_180.uasset" 247
"../../../../../../Users/juuru/Documents/Unreal Projects/Lopputyo/Content/StarterContent/Shapes/Shape_Pipe_90.uasset" 248
"../../../../../../Users/juuru/Documents/Unreal Projects/Lopputyo/Content/StarterContent/Shapes/Shape_Plane.uasset" 249
"../../../../../../Users/juuru/Documents/Unreal Projects/Lopputyo/Content/StarterContent/Shapes/Shape_QuadPyramid.uasset" 250
"../../../../../../Users/juuru/Documents/Unreal Projects/Lopputyo/Content/StarterContent/Shapes/Shape_Sphere.uasset" 251
"../../../../../../Users/juuru/Documents/Unreal Projects/Lopputyo/Content/StarterContent/Shapes/Shape_Torus.uasset" 252
"../../../../../../Users/juuru/Documents/Unreal Projects/Lopputyo/Content/StarterContent/Shapes/Shape_Trim.uasset" 253
"../../../../../../Users/juuru/Documents/Unreal Projects/Lopputyo/Content/StarterContent/Shapes/Shape_Trim_90_In.uasset" 254
"../../../../../../Users/juuru/Documents/Unreal Projects/Lopputyo/Content/StarterContent/Shapes/Shape_Trim_90_Out.uasset" 255
"../../../../../../Users/juuru/Documents/Unreal Projects/Lopputyo/Content/StarterContent/Shapes/Shape_TriPyramid.uasset" 256
"../../../../../../Users/juuru/Documents/Unreal Projects/Lopputyo/Content/StarterContent/Shapes/Shape_Tube.uasset" 257
"../../../../../../Users/juuru/Documents/Unreal Projects/Lopputyo/Content/StarterContent/Shapes/Shape_Wedge_A.uasset" 258
"../../../../../../Users/juuru/Documents/Unreal Projects/Lopputyo/Content/StarterContent/Shapes/Shape_Wedge_B.uasset" 259
"../../../../../../Users/juuru/Documents/Unreal Projects/Lopputyo/Content/StarterContent/Shapes/Shape_WideCapsule.uasset" 260
"../../../../../../Users/juuru/Documents/Unreal Projects/Lopputyo/Content/UMG/WBP_PauseMenuVideoSettings.uasset" 261
"../../../Engine/Content/Animation/DefaultAnimBoneCompressionSettings.uasset" 262
"../../../Engine/Content/Animation/DefaultAnimCurveCompressionSettings.uasset" 263
"../../../Engine/Content/ArtTools/RenderToTexture/Meshes/S_1_Unit_Plane.uasset" 264
"../../../Engine/Content/EngineMaterials/DefaultMaterial.uasset" 265
"../../../Engine/Content/BasicShapes/Cone.uasset" 266
"../../../Engine/Content/BasicShapes/Plane.uasset" 267
"../../../Engine/Content/EditorLandscapeResources/DataLayer.uasset" 268
"../../../Engine/Content/EditorMaterials/MAT_Groups_Toggle.uasset" 269
"../../../Engine/Content/EditorMaterials/MAT_Groups_Visibility.uasset" 270
"../../../Engine/Content/EditorMaterials/PreviewShadowIndicator.uasset" 271
"../../../Engine/Content/EditorMaterials/PreviewShadowIndicatorMaterial.uasset" 272
"../../../Engine/Content/EditorMaterials/MatineeGroups/MAT_ColorTrack.uasset" 273
"../../../Engine/Content/EditorMaterials/MatineeGroups/MAT_Groups_Anim.uasset" 274
"../../../Engine/Content/EditorMaterials/MatineeGroups/MAT_Groups_AudioMaster.uasset" 275
"../../../Engine/Content/EditorMaterials/MatineeGroups/MAT_Groups_Director.uasset" 276
"../../../Engine/Content/EditorMaterials/MatineeGroups/MAT_Groups_Event.uasset" 277
"../../../Engine/Content/EditorMaterials/MatineeGroups/MAT_Groups_Fade.uasset" 278
"../../../Engine/Content/EditorMaterials/MatineeGroups/MAT_Groups_Float.uasset" 279
"../../../Engine/Content/EditorMaterials/MatineeGroups/MAT_Groups_Move.uasset" 280
"../../../Engine/Content/EditorMaterials/MatineeGroups/MAT_Groups_Slomo.uasset" 281
"../../../Engine/Content/EditorMaterials/MatineeGroups/MAT_Groups_Sound.uasset" 282
"../../../Engine/Content/EditorMaterials/MatineeGroups/MAT_Groups_Vector.uasset" 283
"../../../Engine/Content/EditorMaterials/ParticleSystems/PSysThumbnail_NoImage.uasset" 284
"../../../Engine/Content/EditorMaterials/ParticleSystems/PSysThumbnail_OOD.uasset" 285
"../../../Engine/Content/EditorMaterials/Camera/CineMat.uasset" 286
"../../../Engine/Content/EditorMaterials/Camera/MI_CineMat_Rig.uasset" 287
"../../../Engine/Content/EditorMeshes/Camera/SM_CraneRig_Arm.uasset" 288
"../../../Engine/Content/EditorMeshes/Camera/SM_CraneRig_Base.uasset" 289
"../../../Engine/Content/EditorMeshes/Camera/SM_CraneRig_Body.uasset" 290
"../../../Engine/Content/EditorMeshes/Camera/SM_CraneRig_Mount.uasset" 291
"../../../Engine/Content/EditorMeshes/Camera/SM_RailRig_Mount.uasset" 292
"../../../Engine/Content/EditorMeshes/Camera/SM_RailRig_Track.uasset" 293
"../../../Engine/Content/EditorResources/BSPVertex.uasset" 294
"../../../Engine/Content/EditorResources/EmptyActor.uasset" 295
"../../../Engine/Content/EditorResources/S_Actor.uasset" 296
"../../../Engine/Content/EditorResources/S_Note.uasset" 297
"../../../Engine/Content/EditorResources/S_Solver.uasset" 298
"../../../Engine/Content/EditorResources/S_Trigger.uasset" 299
"../../../Engine/Content/EditorResources/AudioIcons/S_AudioComponent_AutoActivate.uasset" 300
"../../../Engine/Content/EditorResources/LightIcons/S_LightError.uasset" 301
"../../../Engine/Content/EditorResources/SequenceRecorder/Countdown.uasset" 302
"../../../Engine/Content/EditorResources/SequenceRecorder/RecordingIndicator.uasset" 303
"../../../Engine/Content/EditorSounds/Notifications/CompileFailed.uasset" 304
"../../../Engine/Content/EditorSounds/Notifications/CompileFailed_Cue.uasset" 305
"../../../Engine/Content/EditorSounds/Notifications/CompileSuccess.uasset" 306
"../../../Engine/Content/EditorSounds/Notifications/CompileStart_Cue.uasset" 307
"../../../Engine/Content/EditorSounds/Notifications/CompileSuccess_Cue.uasset" 308
"../../../Engine/Content/EngineDamageTypes/DmgTypeBP_Environmental.uasset" 309
"../../../Engine/Content/EngineDebugMaterials/DebugEditorMaterial.uasset" 310
"../../../Engine/Content/EngineDebugMaterials/DebugMeshMaterial.uasset" 311
"../../../Engine/Content/EngineDebugMaterials/M_SimpleUnlitTranslucent.uasset" 312
"../../../Engine/Content/Functions/Engine_MaterialFunctions02/Utility/CameraDirectionVector.uasset" 313
"../../../Engine/Content/EngineDebugMaterials/VolumeToRender.uasset" 314
"../../../Engine/Content/EngineDebugMaterials/M_VolumeRenderSphereTracePP.uasset" 315
"../../../Engine/Content/EngineDebugMaterials/WireframeMaterial.uasset" 316
"../../../Engine/Content/EngineFonts/Faces/DroidSansFallback.uasset" 317
"../../../Engine/Content/EngineFonts/Faces/RobotoBold.uasset" 318
"../../../Engine/Content/EngineFonts/Faces/RobotoBoldItalic.uasset" 319
"../../../Engine/Content/EngineFonts/Faces/RobotoItalic.uasset" 320
"../../../Engine/Content/EngineFonts/Faces/RobotoLight.uasset" 321
"../../../Engine/Content/EngineFonts/Faces/RobotoRegular.uasset" 322
"../../../Engine/Content/EngineFonts/Roboto.uasset" 323
"../../../Engine/Content/EngineMaterials/BaseFlattenDiffuseMap.uasset" 324
"../../../Engine/Content/EngineMaterials/BaseFlattenEmissiveMap.uasset" 325
"../../../Engine/Content/EngineMaterials/BaseFlattenGrayscaleMap.uasset" 326
"../../../Engine/Content/EngineMaterials/BaseFlattenNormalMap.uasset" 327
"../../../Engine/Content/EngineMaterials/BaseFlattenMaterial.uasset" 328
"../../../Engine/Content/EngineMaterials/BlueNoise.uasset" 329
"../../../Engine/Content/EngineMaterials/DefaultBloomKernel.uasset" 330
"../../../Engine/Content/EngineMaterials/DefaultBokeh.uasset" 331
"../../../Engine/Content/EngineMaterials/DefaultDiffuse.uasset" 332
"../../../Engine/Content/EngineMaterials/DefaultDeferredDecalMaterial.uasset" 333
"../../../Engine/Content/EngineMaterials/DefaultLightFunctionMaterial.uasset" 334
"../../../Engine/Content/EngineMaterials/DefaultPhysicalMaterial.uasset" 335
"../../../Engine/Content/Functions/Engine_MaterialFunctions02/Utility/BreakOutFloat2Components.uasset" 336
"../../../Engine/Content/EngineMaterials/DefaultPostProcessMaterial.uasset" 337
"../../../Engine/Content/EngineFonts/RobotoDistanceField.uasset" 338
"../../../Engine/Content/EngineMaterials/DefaultTextMaterialOpaque.uasset" 339
"../../../Engine/Content/EngineMaterials/DefaultWhiteGrid.uasset" 340
"../../../Engine/Content/EngineMaterials/DefaultWhiteGrid_Low.uasset" 341
"../../../Engine/Content/EngineMaterials/EmissiveMeshMaterial.uasset" 342
"../../../Engine/Content/EngineMaterials/GizmoMaterial.uasset" 343
"../../../Engine/Content/EngineMaterials/Good64x64TilingNoiseHighFreq.uasset" 344
"../../../Engine/Content/EngineMaterials/MiniFont.uasset" 345
"../../../Engine/Content/EngineMaterials/InvalidLightmapSettings.uasset" 346
"../../../Engine/Content/EngineMaterials/M_InvalidLightmapSettings.uasset" 347
"../../../Engine/Content/Functions/Engine_MaterialFunctions02/WorldPositionOffset/CameraOffset.uasset" 348
"../../../Engine/Content/EngineMaterials/PhAT_JointLimitMaterial.uasset" 349
"../../../Engine/Content/EngineMaterials/PreintegratedSkinBRDF.uasset" 350
"../../../Engine/Content/EngineMaterials/RemoveSurfaceMaterial.uasset" 351
"../../../Engine/Content/EngineMaterials/WeightMapPlaceholderTexture.uasset" 352
"../../../Engine/Content/EngineResources/WhiteSquareTexture.uasset" 353
"../../../Engine/Content/EngineMaterials/Widget3DPassThrough.uasset" 354
"../../../Engine/Content/EngineMaterials/Widget3DPassThrough_Masked.uasset" 355
"../../../Engine/Content/EngineMaterials/Widget3DPassThrough_Opaque.uasset" 356
"../../../Engine/Content/EngineMaterials/Widget3DPassThrough_Masked_OneSided.uasset" 357
"../../../Engine/Content/EngineMaterials/Widget3DPassThrough_Opaque_OneSided.uasset" 358
"../../../Engine/Content/EngineMaterials/Widget3DPassThrough_Translucent.uasset" 359
"../../../Engine/Content/EngineMaterials/Widget3DPassThrough_Translucent_OneSided.uasset" 360
"../../../Engine/Content/EngineMeshes/Cylinder.uasset" 361
"../../../Engine/Content/EngineMeshes/Sphere.uasset" 362
"../../../Engine/Content/EngineResources/Black.uasset" 363
"../../../Engine/Content/EngineResources/DefaultTexture.uasset" 364
"../../../Engine/Content/EngineResources/DefaultTextureCube.uasset" 365
"../../../Engine/Content/EngineResources/DefaultVolumeTexture2D.uasset" 366
"../../../Engine/Content/EngineResources/DefaultVolumeTexture.uasset" 367
"../../../Engine/Content/EngineResources/GradientTexture0.uasset" 368
"../../../Engine/Content/EngineSounds/Master.uasset" 369
"../../../Engine/Content/Functions/Engine_MaterialFunctions01/Shading/ConvertFromDiffSpec.uasset" 370
"../../../Engine/Content/Functions/Engine_MaterialFunctions01/Shading/PowerToRoughness.uasset" 371
"../../../Engine/Content/Maps/Templates/Thumbnails/Default.uasset" 372
"../../../Engine/Content/Maps/Templates/Thumbnails/TimeOfDay.uasset" 373
"../../../Engine/Content/Maps/Templates/Thumbnails/VR-Basic.uasset" 374
"../../../Engine/Content/MobileResources/T_MobileControls_texture.uasset" 375
"../../../Engine/Content/MobileResources/T_MobileMenu2.uasset" 376
"../../../Engine/Content/MobileResources/HUD/AnalogHat.uasset" 377
"../../../Engine/Content/MobileResources/HUD/VirtualJoystick_Background.uasset" 378
"../../../Engine/Content/MobileResources/HUD/VirtualJoystick_Thumb.uasset" 379
"../../../Engine/Content/MobileResources/HUD/DefaultVirtualJoysticks.uasset" 380
"../../../Engine/Content/MobileResources/HUD/LeftVirtualJoystickOnly.uasset" 381
"../../../Engine/Content/MobileResources/HUD/MobileHUDButton1_off.uasset" 382
"../../../Engine/Content/MobileResources/HUD/MobileHUDButton1_on.uasset" 383
"../../../Engine/Content/MobileResources/HUD/MobileHUDButton2_off.uasset" 384
"../../../Engine/Content/MobileResources/HUD/MobileHUDButton2_on.uasset" 385
"../../../Engine/Content/MobileResources/HUD/MobileHUDButton3.uasset" 386
"../../../Engine/Content/MobileResources/HUD/MobileHUDButtonFire.uasset" 387
"../../../Engine/Content/MobileResources/HUD/MobileHUDDirectionPad.uasset" 388
"../../../Engine/Content/MobileResources/HUD/MobileHUDDirectionPad2.uasset" 389
"../../../Engine/Content/MobileResources/HUD/MobileHUDDirectionPad3.uasset" 390
"../../../Engine/Content/MobileResources/HUD/MobileHUDDirectionStick.uasset" 391
"../../../Engine/Content/MobileResources/HUD/T_Castle_ThumbstickInner.uasset" 392
"../../../Engine/Content/MobileResources/HUD/T_Castle_ThumbstickOutter.uasset" 393
"../../../Engine/Content/Tutorial/ContentIntroCurve.uasset" 394
"../../../Engine/Content/Tutorial/Basics/LevelEditorAttract.uasset" 395
"../../../Engine/Content/Tutorial/Installation/InstallingVisualStudioTutorial.uasset" 396
"../../../Engine/Content/Tutorial/SubEditors/TutorialAssets/icon_ShowSkeletalMeshes_40x.uasset" 397
"../../../Engine/Content/Tutorial/SubEditors/PersonaAnimBlueprintEditorWalkthrough.uasset" 398
"../../../Engine/Content/VREditor/LaserPointer/VR_LaserPower_01.uasset" 399
"../../../Engine/Content/VREditor/TransformGizmo/TransformGizmoMaterial.uasset" 400
"../../../Engine/Content/VREditor/TransformGizmo/TranslucentTransformGizmoMaterial.uasset" 401
"../../../Engine/Content/VREditor/TransformGizmo/BoundingBoxCorner.uasset" 402
"../../../Engine/Content/VREditor/TransformGizmo/BoundingBoxEdge.uasset" 403
"../../../Engine/Content/VREditor/TransformGizmo/PlaneTranslationHandle.uasset" 404
"../../../Engine/Content/VREditor/TransformGizmo/Main.uasset" 405
"../../../Engine/Content/VREditor/TransformGizmo/Xray.uasset" 406
"../../../Engine/Content/VREditor/TransformGizmo/SM_Sequencer_Key.uasset" 407
"../../../Engine/Content/VREditor/TransformGizmo/SM_Sequencer_Node.uasset" 408
"../../Plugins/2D/Paper2D/Content/PlaceholderTextures/DummySpriteTexture.uasset" 409
"../../Plugins/2D/Paper2D/Content/DummySprite.uasset" 410
"../../Plugins/2D/Paper2D/Content/DefaultPaperTerrainMaterial.uasset" 411
"../../Plugins/2D/Paper2D/Content/DefaultSpriteMaterial.uasset" 412
"../../Plugins/2D/Paper2D/Content/MaskedUnlitSpriteMaterial.uasset" 413
"../../Plugins/2D/Paper2D/Content/OpaqueUnlitSpriteMaterial.uasset" 414
"../../Plugins/FX/Niagara/Content/Enums/ENiagaraBooleanLogicOps.uasset" 415
"../../Plugins/FX/Niagara/Content/Enums/ENiagaraCoordinateSpace.uasset" 416
"../../Plugins/FX/Niagara/Content/Enums/ENiagaraExpansionMode.uasset" 417
"../../Plugins/FX/Niagara/Content/Enums/ENiagaraOrientationAxis.uasset" 418
"../../Plugins/FX/Niagara/Content/Enums/ENiagaraRandomnessMode.uasset" 419
"../../../Engine/Content/Functions/Engine_MaterialFunctions02/Utility/BreakOutFloat4Components.uasset" 420
"../../../Engine/Content/Functions/Engine_MaterialFunctions02/Utility/MakeFloat2.uasset" 421
"../../../Engine/Content/Functions/Engine_MaterialFunctions02/Utility/MakeFloat3.uasset" 422
"../../Plugins/Runtime/Oculus/OculusVR/Content/Materials/OculusMR_ChromaKey.uasset" 423
"../../Plugins/Runtime/Oculus/OculusVR/Content/Materials/OculusMR_ChromaKey_Lit.uasset" 424
"../../Plugins/Runtime/Oculus/OculusVR/Content/Materials/OculusMR_OpaqueColoredMaterial.uasset" 425
"../../Plugins/Runtime/Oculus/OculusVR/Content/Materials/OculusMR_WhiteMaterial.uasset" 426
"../../../../../../Users/juuru/Documents/Unreal Projects/Lopputyo/Content/FirstPerson/Animations/FirstPerson_Fire.uasset" 427
"../../../../../../Users/juuru/Documents/Unreal Projects/Lopputyo/Content/FirstPerson/Animations/FirstPersonFire_Montage.uasset" 428
"../../../../../../Users/juuru/Documents/Unreal Projects/Lopputyo/Content/Blueprints/Core/BP_SaveGame.uasset" 429
"../../../../../../Users/juuru/Documents/Unreal Projects/Lopputyo/Content/StarterContent/Textures/T_Metal_Aluminum_D.uasset" 430
"../../../../../../Users/juuru/Documents/Unreal Projects/Lopputyo/Content/Materials/M_Metal_Burnished_Steel.uasset" 431
"../../../../../../Users/juuru/Documents/Unreal Projects/Lopputyo/Content/Materials/M_Metal_Burnished_Steel_Inst.uasset" 432
"../../../Engine/Content/BasicShapes/Cube.uasset" 433
"../../../Engine/Content/BasicShapes/Cylinder.uasset" 434
"../../../Engine/Content/BasicShapes/Sphere.uasset" 435
"../../../../../../Users/juuru/Documents/Unreal Projects/Lopputyo/Content/StarterContent/Audio/Explosion02.uasset" 436
"../../../../../../Users/juuru/Documents/Unreal Projects/Lopputyo/Content/Blueprints/BP_CannonDestroyed.uasset" 437
"../../../../../../Users/juuru/Documents/Unreal Projects/Lopputyo/Content/Materials/M_Red.uasset" 438
"../../../../../../Users/juuru/Documents/Unreal Projects/Lopputyo/Content/Sounds/Realistic_Punch-Mark_DiAngelo-1609462330.uasset" 439
"../../../../../../Users/juuru/Documents/Unreal Projects/Lopputyo/Content/Blueprints/BP_Projectile.uasset" 440
"../../../Engine/Content/BasicShapes/BasicShapeMaterial.uasset" 441
"../../../../../../Users/juuru/Documents/Unreal Projects/Lopputyo/Content/Enums/E_CannonType.uasset" 442
"../../../../../../Users/juuru/Documents/Unreal Projects/Lopputyo/Content/Sounds/Turret_shot.uasset" 443
"../../../../../../Users/juuru/Documents/Unreal Projects/Lopputyo/Content/Blueprints/BP_Cannon.uasset" 444
"../../../../../../Users/juuru/Documents/Unreal Projects/Lopputyo/Content/StarterContent/Audio/Explosion01.uasset" 445
"../../../../../../Users/juuru/Documents/Unreal Projects/Lopputyo/Content/Materials/M_Metal_Chrome.uasset" 446
"../../../../../../Users/juuru/Documents/Unreal Projects/Lopputyo/Content/StaticMeshes/SM_Grenade.uasset" 447
"../../../../../../Users/juuru/Documents/Unreal Projects/Lopputyo/Content/FirstPersonBP/Blueprints/FirstPersonProjectile.uasset" 448
"../../../Engine/Content/Functions/MaterialLayerFunctions/MatLayerBlend_NormalBlend.uasset" 449
"../../../Engine/Content/Functions/MaterialLayerFunctions/MatLayerBlend_Simple.uasset" 450
"../../../../../../Users/juuru/Documents/Unreal Projects/Lopputyo/Content/FirstPerson/Character/Materials/MaterialLayers/T_ML_Rubber_Blue_01_D.uasset" 451
"../../../../../../Users/juuru/Documents/Unreal Projects/Lopputyo/Content/FirstPerson/Character/Materials/MaterialLayers/T_ML_Rubber_Blue_01_N.uasset" 452
"../../../../../../Users/juuru/Documents/Unreal Projects/Lopputyo/Content/FirstPerson/Character/Materials/MaterialLayers/ML_GlossyBlack_Latex_UE4.uasset" 453
"../../../../../../Users/juuru/Documents/Unreal Projects/Lopputyo/Content/FirstPerson/Character/Materials/MaterialLayers/ML_Plastic_Shiny_Beige.uasset" 454
"../../../../../../Users/juuru/Documents/Unreal Projects/Lopputyo/Content/FirstPerson/Character/Materials/MaterialLayers/ML_Plastic_Shiny_Beige_LOGO.uasset" 455
"../../../../../../Users/juuru/Documents/Unreal Projects/Lopputyo/Content/FirstPerson/Character/Materials/MaterialLayers/T_ML_Aluminum01.uasset" 456
"../../../../../../Users/juuru/Documents/Unreal Projects/Lopputyo/Content/FirstPerson/Character/Materials/MaterialLayers/T_ML_Aluminum01_N.uasset" 457
"../../../../../../Users/juuru/Documents/Unreal Projects/Lopputyo/Content/FirstPerson/Character/Materials/MaterialLayers/ML_SoftMetal_UE4.uasset" 458
"../../../../../../Users/juuru/Documents/Unreal Projects/Lopputyo/Content/FirstPerson/Character/Textures/UE4_Mannequin__normals.uasset" 459
"../../../../../../Users/juuru/Documents/Unreal Projects/Lopputyo/Content/FirstPerson/Character/Textures/UE4_Mannequin_MAT_MASKA.uasset" 460
"../../../../../../Users/juuru/Documents/Unreal Projects/Lopputyo/Content/FirstPerson/Character/Materials/M_UE4Man_Body.uasset" 461
"../../../../../../Users/juuru/Documents/Unreal Projects/Lopputyo/Content/FirstPerson/Character/Mesh/SK_Mannequin_Arms_PhysicsAsset.uasset" 462
"../../../../../../Users/juuru/Documents/Unreal Projects/Lopputyo/Content/FirstPerson/Character/Mesh/SK_Mannequin_Arms.uasset" 463
"../../../../../../Users/juuru/Documents/Unreal Projects/Lopputyo/Content/FirstPerson/FPWeapon/Materials/MaterialLayers/T_ML_Rubber_Blue_01_D.uasset" 464
"../../../../../../Users/juuru/Documents/Unreal Projects/Lopputyo/Content/FirstPerson/FPWeapon/Materials/MaterialLayers/T_ML_Rubber_Blue_01_N.uasset" 465
"../../../../../../Users/juuru/Documents/Unreal Projects/Lopputyo/Content/FirstPerson/FPWeapon/Materials/MaterialLayers/ML_GlossyBlack_Latex_UE4.uasset" 466
"../../../../../../Users/juuru/Documents/Unreal Projects/Lopputyo/Content/FirstPerson/FPWeapon/Materials/MaterialLayers/ML_Plastic_Shiny_Beige.uasset" 467
"../../../../../../Users/juuru/Documents/Unreal Projects/Lopputyo/Content/FirstPerson/FPWeapon/Materials/MaterialLayers/ML_Screen.uasset" 468
"../../../../../../Users/juuru/Documents/Unreal Projects/Lopputyo/Content/FirstPerson/FPWeapon/Materials/MaterialLayers/T_ML_Aluminum01.uasset" 469
"../../../../../../Users/juuru/Documents/Unreal Projects/Lopputyo/Content/FirstPerson/FPWeapon/Materials/MaterialLayers/T_ML_Aluminum01_N.uasset" 470
"../../../../../../Users/juuru/Documents/Unreal Projects/Lopputyo/Content/FirstPerson/FPWeapon/Materials/MaterialLayers/ML_SoftMetal_UE4.uasset" 471
"../../../../../../Users/juuru/Documents/Unreal Projects/Lopputyo/Content/FirstPerson/FPWeapon/Textures/T_FPGun_M.uasset" 472
"../../../../../../Users/juuru/Documents/Unreal Projects/Lopputyo/Content/FirstPerson/FPWeapon/Textures/T_FPGun_N.uasset" 473
"../../../../../../Users/juuru/Documents/Unreal Projects/Lopputyo/Content/FirstPerson/FPWeapon/Materials/M_FPGun.uasset" 474
"../../../../../../Users/juuru/Documents/Unreal Projects/Lopputyo/Content/FirstPerson/FPWeapon/Mesh/SK_FPGun_Skeleton.uasset" 475
"../../../../../../Users/juuru/Documents/Unreal Projects/Lopputyo/Content/FirstPerson/FPWeapon/Mesh/SK_FPGun.uasset" 476
"../../../../../../Users/juuru/Documents/Unreal Projects/Lopputyo/Content/Sounds/grenade_launcher.uasset" 477
"../../../../../../Users/juuru/Documents/Unreal Projects/Lopputyo/Content/Sounds/walking_sound.uasset" 478
"../../../../../../Users/juuru/Documents/Unreal Projects/Lopputyo/Content/UMG/WBP_GameOver.uasset" 479
"../../../../../../Users/juuru/Documents/Unreal Projects/Lopputyo/Content/UMG/WBP_HealthBar.uasset" 480
"../../../Engine/Content/VREditor/Sounds/UI/Click_on_Button.uasset" 481
"../../../Engine/Content/VREditor/Sounds/UI/Flashlight_Switch.uasset" 482
"../../../../../../Users/juuru/Documents/Unreal Projects/Lopputyo/Content/UMG/WBP_PauseMenu.uasset" 483
"../../../../../../Users/juuru/Documents/Unreal Projects/Lopputyo/Content/FirstPersonBP/Blueprints/FirstPersonCharacter.uasset" 484
"../../../../../../Users/juuru/Documents/Unreal Projects/Lopputyo/Content/Blueprints/keys_pick.uasset" 485
"../../../../../../Users/juuru/Documents/Unreal Projects/Lopputyo/Content/Blueprints/BP_Avain.uasset" 486
"../../../../../../Users/juuru/Documents/Unreal Projects/Lopputyo/Content/Materials/M_Yellow.uasset" 487
"../../../../../../Users/juuru/Documents/Unreal Projects/Lopputyo/Content/Blueprints/BP_Avain1.uasset" 488
"../../../../../../Users/juuru/Documents/Unreal Projects/Lopputyo/Content/Blueprints/BP_KillVolume.uasset" 489
"../../../../../../Users/juuru/Documents/Unreal Projects/Lopputyo/Content/Blueprints/BP_LevelPortal.uasset" 490
"../../../../../../Users/juuru/Documents/Unreal Projects/Lopputyo/Content/Blueprints/BP_KyyberpeliPlayerController.uasset" 491
"../../../../../../Users/juuru/Documents/Unreal Projects/Lopputyo/Content/FirstPerson/Textures/FirstPersonCrosshair.uasset" 492
"../../../../../../Users/juuru/Documents/Unreal Projects/Lopputyo/Content/FirstPersonBP/Blueprints/FirstPersonHUD.uasset" 493
"../../../../../../Users/juuru/Documents/Unreal Projects/Lopputyo/Content/FirstPersonBP/Blueprints/FirstPersonGameMode.uasset" 494
"../../../../../../Users/juuru/Documents/Unreal Projects/Lopputyo/Content/Levels/Level1_BuiltData.uasset" 495
"../../../../../../Users/juuru/Documents/Unreal Projects/Lopputyo/Content/Materials/M_Tech_Hex_Tile_Pulse.uasset" 496
"../../../Engine/Content/MapTemplates/Sky/SunsetAmbientCubemap.uasset" 497
"../../../../../../Users/juuru/Documents/Unreal Projects/Lopputyo/Content/Sounds/With-You-in-My-Arms-SSJ011001.uasset" 498
"../../../../../../Users/juuru/Documents/Unreal Projects/Lopputyo/Content/StarterContent/Props/SM_Chair.uasset" 499
"../../../../../../Users/juuru/Documents/Unreal Projects/Lopputyo/Content/StarterContent/Textures/T_Statue_M.uasset" 500
"../../../../../../Users/juuru/Documents/Unreal Projects/Lopputyo/Content/StarterContent/Textures/T_Statue_N.uasset" 501
"../../../../../../Users/juuru/Documents/Unreal Projects/Lopputyo/Content/StarterContent/Props/Materials/M_Statue.uasset" 502
"../../../../../../Users/juuru/Documents/Unreal Projects/Lopputyo/Content/StarterContent/Props/Materials/M_StatueGlass.uasset" 503
"../../../../../../Users/juuru/Documents/Unreal Projects/Lopputyo/Content/StarterContent/Props/SM_Statue.uasset" 504
"../../../../../../Users/juuru/Documents/Unreal Projects/Lopputyo/Content/StarterContent/Textures/T_TableRound_M.uasset" 505
"../../../../../../Users/juuru/Documents/Unreal Projects/Lopputyo/Content/StarterContent/Textures/T_TableRound_N.uasset" 506
"../../../../../../Users/juuru/Documents/Unreal Projects/Lopputyo/Content/StarterContent/Props/Materials/M_TableRound.uasset" 507
"../../../../../../Users/juuru/Documents/Unreal Projects/Lopputyo/Content/StarterContent/Props/SM_TableRound.uasset" 508
"../../../../../../Users/juuru/Documents/Unreal Projects/Lopputyo/Content/Levels/Level1.umap" 509
"../../../Engine/Content/EngineSky/C_Sky_Cloud_Color.uasset" 510
"../../../Engine/Content/EngineSky/C_Sky_Horizon_Color.uasset" 511
"../../../Engine/Content/EngineSky/C_Sky_Zenith_Color.uasset" 512
"../../../Engine/Content/EngineSky/T_Sky_Blue.uasset" 513
"../../../Engine/Content/EngineSky/T_Sky_Clouds_M.uasset" 514
"../../../Engine/Content/EngineSky/T_Sky_Stars.uasset" 515
"../../../Engine/Content/EngineSky/M_Sky_Panning_Clouds2.uasset" 516
"../../../Engine/Content/EngineSky/SM_SkySphere.uasset" 517
"../../../Engine/Content/EngineSky/BP_Sky_Sphere.uasset" 518
"../../../../../../Users/juuru/Documents/Unreal Projects/Lopputyo/Content/Materials/M_Blue.uasset" 519
"../../../../../../Users/juuru/Documents/Unreal Projects/Lopputyo/Content/Blueprints/BP_Avain2.uasset" 520
"../../../../../../Users/juuru/Documents/Unreal Projects/Lopputyo/Content/Materials/M_Purple.uasset" 521
"../../../../../../Users/juuru/Documents/Unreal Projects/Lopputyo/Content/Blueprints/BP_Avain3.uasset" 522
"../../../../../../Users/juuru/Documents/Unreal Projects/Lopputyo/Content/Materials/M_Basic_Floor.uasset" 523
"../../../../../../Users/juuru/Documents/Unreal Projects/Lopputyo/Content/StaticMeshes/SM_SpinningPlatform.uasset" 524
"../../../../../../Users/juuru/Documents/Unreal Projects/Lopputyo/Content/Blueprints/BP_SpinningPlatform.uasset" 525
"../../../../../../Users/juuru/Documents/Unreal Projects/Lopputyo/Content/Levels/Level2_BuiltData.uasset" 526
"../../../../../../Users/juuru/Documents/Unreal Projects/Lopputyo/Content/Sounds/Hair-Trigger-WST011601.uasset" 527
"../../../../../../Users/juuru/Documents/Unreal Projects/Lopputyo/Content/Levels/Level2.umap" 528
"../../../../../../Users/juuru/Documents/Unreal Projects/Lopputyo/Content/Levels/Level3_BuiltData.uasset" 529
"../../../../../../Users/juuru/Documents/Unreal Projects/Lopputyo/Content/Materials/M_Brown.uasset" 530
"../../../../../../Users/juuru/Documents/Unreal Projects/Lopputyo/Content/Materials/M_Dark.uasset" 531
"../../../../../../Users/juuru/Documents/Unreal Projects/Lopputyo/Content/StarterContent/Textures/T_Concrete_Grime_D.uasset" 532
"../../../../../../Users/juuru/Documents/Unreal Projects/Lopputyo/Content/StarterContent/Materials/M_Concrete_Grime.uasset" 533
"../../../../../../Users/juuru/Documents/Unreal Projects/Lopputyo/Content/Levels/Level3.umap" 534
"../../../../../../Users/juuru/Documents/Unreal Projects/Lopputyo/Content/Blueprints/BP_KoronaRokote.uasset" 535
"../../../../../../Users/juuru/Documents/Unreal Projects/Lopputyo/Content/Blueprints/BP_KoronaTeksti.uasset" 536
"../../../../../../Users/juuru/Documents/Unreal Projects/Lopputyo/Content/Levels/Level4_BuiltData.uasset" 537
"../../../../../../Users/juuru/Documents/Unreal Projects/Lopputyo/Content/Levels/Level4.umap" 538
"../../../../../../Users/juuru/Documents/Unreal Projects/Lopputyo/Content/Blueprints/Core/BP_MainMenuGameMode.uasset" 539
"../../../../../../Users/juuru/Documents/Unreal Projects/Lopputyo/Content/UMG/WBP_MainMenu.uasset" 540
"../../../../../../Users/juuru/Documents/Unreal Projects/Lopputyo/Content/Levels/MainMenu.umap" 541
"../../../../../../Users/juuru/Documents/Unreal Projects/Lopputyo/Content/UMG/WBP_SettingsMenu.uasset" 542
"../../../../../../Users/juuru/Documents/Unreal Projects/Lopputyo/Content/Levels/SettingsMenu.umap" 543
"../../../../../../Users/juuru/Documents/Unreal Projects/Lopputyo/Content/Sounds/Top-of-the-Heap-RCK011201.uasset" 544
"../../../../../../Users/juuru/Documents/Unreal Projects/Lopputyo/Content/UMG/WBP_Victory.uasset" 545
"../../../../../../Users/juuru/Documents/Unreal Projects/Lopputyo/Content/Levels/Victory.umap" 546
"../../../../../../Users/juuru/Documents/Unreal Projects/Lopputyo/Content/StarterContent/Maps/Minimal_Default_BuiltData.uasset" 547
"../../../../../../Users/juuru/Documents/Unreal Projects/Lopputyo/Content/StarterContent/Materials/M_Metal_Brushed_Nickel.uasset" 548
"../../../../../../Users/juuru/Documents/Unreal Projects/Lopputyo/Content/StarterContent/Materials/M_Metal_Burnished_Steel.uasset" 549
"../../../../../../Users/juuru/Documents/Unreal Projects/Lopputyo/Content/StarterContent/Textures/T_Metal_Copper_D.uasset" 550
"../../../../../../Users/juuru/Documents/Unreal Projects/Lopputyo/Content/StarterContent/Materials/M_Metal_Copper.uasset" 551
"../../../../../../Users/juuru/Documents/Unreal Projects/Lopputyo/Content/StarterContent/Audio/Starter_Background_Cue.uasset" 552
"../../../../../../Users/juuru/Documents/Unreal Projects/Lopputyo/Content/StarterContent/Maps/Minimal_Default.umap" 553
"../../../Engine/Content/Maps/Entry_BuiltData.uasset" 554
"../../../Engine/Content/Maps/Entry.umap" 555
